<?xml version="1.0" encoding="UTF-8"?>
<coverage generated="1751022600156" clover="3.2.0">
  <project timestamp="1751022600156" name="All files">
    <metrics statements="16" coveredstatements="15" conditionals="14" coveredconditionals="13" methods="5" coveredmethods="5" elements="35" coveredelements="33" complexity="0" loc="16" ncloc="16" packages="1" files="2" classes="2"/>
    <file name="calculator.js" path="C:\Users\jakub\moj-projekt\calculator.js">
      <metrics statements="7" coveredstatements="7" conditionals="2" coveredconditionals="2" methods="4" coveredmethods="4"/>
      <line num="3" count="1" type="stmt"/>
      <line num="6" count="1" type="stmt"/>
      <line num="9" count="1" type="stmt"/>
      <line num="12" count="2" type="cond" truecount="2" falsecount="0"/>
      <line num="13" count="1" type="stmt"/>
      <line num="15" count="1" type="stmt"/>
      <line num="19" count="1" type="stmt"/>
    </file>
    <file name="utils.js" path="C:\Users\jakub\moj-projekt\utils.js">
      <metrics statements="9" coveredstatements="8" conditionals="12" coveredconditionals="11" methods="1" coveredmethods="1"/>
      <line num="2" count="3" type="stmt"/>
      <line num="4" count="3" type="cond" truecount="4" falsecount="0"/>
      <line num="5" count="1" type="stmt"/>
      <line num="8" count="3" type="cond" truecount="4" falsecount="0"/>
      <line num="9" count="1" type="stmt"/>
      <line num="12" count="3" type="cond" truecount="3" falsecount="1"/>
      <line num="13" count="0" type="stmt"/>
      <line num="16" count="3" type="stmt"/>
      <line num="22" count="1" type="stmt"/>
    </file>
  </project>
</coverage>
