TN:
SF:calculator.js
FN:2,(anonymous_0)
FN:5,(anonymous_1)
FN:8,(anonymous_2)
FN:11,(anonymous_3)
FNF:4
FNH:4
FNDA:1,(anonymous_0)
FNDA:1,(anonymous_1)
FNDA:1,(anonymous_2)
FNDA:2,(anonymous_3)
DA:3,1
DA:6,1
DA:9,1
DA:12,2
DA:13,1
DA:15,1
DA:19,1
LF:7
LH:7
BRDA:12,0,0,1
BRDA:12,0,1,1
BRF:2
BRH:2
end_of_record
TN:
SF:utils.js
FN:1,validateContactForm
FNF:1
FNH:1
FNDA:3,validateContactForm
DA:2,3
DA:4,3
DA:5,1
DA:8,3
DA:9,1
DA:12,3
DA:13,0
DA:16,3
DA:22,1
LF:9
LH:8
BRDA:4,0,0,1
BRDA:4,0,1,2
BRDA:4,1,0,3
BRDA:4,1,1,3
BRDA:8,2,0,1
BRDA:8,2,1,2
BRDA:8,3,0,3
BRDA:8,3,1,3
BRDA:12,4,0,0
BRDA:12,4,1,3
BRDA:12,5,0,3
BRDA:12,5,1,3
BRF:12
BRH:11
end_of_record
